[2m2022-11-17 11:56:55.559[0;39m [32m INFO[0;39m [35m12232[0;39m [2m---[0;39m [2m[           main][0;39m [36mo.s.b.w.embedded.tomcat.TomcatWebServer [0;39m [2m:[0;39m Tomcat initialized with port(s): 9999 (http)
[2m2022-11-17 11:56:55.635[0;39m [32m INFO[0;39m [35m12232[0;39m [2m---[0;39m [2m[           main][0;39m [36mw.s.c.ServletWebServerApplicationContext[0;39m [2m:[0;39m Root WebApplicationContext: initialization completed in 795 ms
[2m2022-11-17 11:56:56.164[0;39m [32m INFO[0;39m [35m12232[0;39m [2m---[0;39m [2m[           main][0;39m [36mo.s.b.w.embedded.tomcat.TomcatWebServer [0;39m [2m:[0;39m Tomcat started on port(s): 9999 (http) with context path '/vue'
[2m2022-11-17 11:59:42.076[0;39m [32m INFO[0;39m [35m12232[0;39m [2m---[0;39m [2m[nio-9999-exec-1][0;39m [36mo.s.web.servlet.DispatcherServlet       [0;39m [2m:[0;39m Initializing Servlet 'dispatcherServlet'
[2m2022-11-17 11:59:42.077[0;39m [32m INFO[0;39m [35m12232[0;39m [2m---[0;39m [2m[nio-9999-exec-1][0;39m [36mo.s.web.servlet.DispatcherServlet       [0;39m [2m:[0;39m Completed initialization in 0 ms
[2m2022-11-17 11:59:42.104[0;39m [32m INFO[0;39m [35m12232[0;39m [2m---[0;39m [2m[nio-9999-exec-1][0;39m [36mc.ssafy.vue.controller.BoardController  [0;39m [2m:[0;39m listArticle - 호출
[2m2022-11-17 11:59:52.766[0;39m [32mDEBUG[0;39m [35m12232[0;39m [2m---[0;39m [2m[nio-9999-exec-4][0;39m [36mc.ssafy.vue.controller.MemberController [0;39m [2m:[0;39m 로그인 accessToken 정보 : eyJ0eXAiOiJKV1QiLCJyZWdEYXRlIjoxNjY4NjUzOTkyNzQ0LCJhbGciOiJIUzI1NiJ9.eyJleHAiOjE2Njg2NTQwMDIsInN1YiI6ImFjY2Vzcy10b2tlbiIsInVzZXJpZCI6InNzYWZ5In0.jVrP5tsciBOPDqg_oK30wRyNjoRqLNWUL7_xzbiuicU
[2m2022-11-17 11:59:52.767[0;39m [32mDEBUG[0;39m [35m12232[0;39m [2m---[0;39m [2m[nio-9999-exec-4][0;39m [36mc.ssafy.vue.controller.MemberController [0;39m [2m:[0;39m 로그인 refreshToken 정보 : eyJ0eXAiOiJKV1QiLCJyZWdEYXRlIjoxNjY4NjUzOTkyNzU5LCJhbGciOiJIUzI1NiJ9.eyJleHAiOjE2Njg2NTQwMjIsInN1YiI6InJlZnJlc2gtdG9rZW4iLCJ1c2VyaWQiOiJzc2FmeSJ9.lShKyJdide-NGkBY_tVRomoHtmT9G3GmT73NERdfOH4
[2m2022-11-17 11:59:52.788[0;39m [32m INFO[0;39m [35m12232[0;39m [2m---[0;39m [2m[nio-9999-exec-5][0;39m [36mc.ssafy.vue.controller.MemberController [0;39m [2m:[0;39m 사용 가능한 토큰!!!
[2m2022-11-17 11:59:57.358[0;39m [32m INFO[0;39m [35m12232[0;39m [2m---[0;39m [2m[nio-9999-exec-6][0;39m [36mc.ssafy.vue.controller.BoardController  [0;39m [2m:[0;39m listArticle - 호출
[2m2022-11-17 11:59:58.445[0;39m [32m INFO[0;39m [35m12232[0;39m [2m---[0;39m [2m[nio-9999-exec-7][0;39m [36mc.ssafy.vue.controller.MemberController [0;39m [2m:[0;39m 사용 가능한 토큰!!!
[2m2022-11-17 11:59:58.466[0;39m [32m INFO[0;39m [35m12232[0;39m [2m---[0;39m [2m[nio-9999-exec-8][0;39m [36mc.ssafy.vue.controller.BoardController  [0;39m [2m:[0;39m getArticle - 호출 : 4
[2m2022-11-17 11:59:59.960[0;39m [32m INFO[0;39m [35m12232[0;39m [2m---[0;39m [2m[nio-9999-exec-9][0;39m [36mc.ssafy.vue.controller.BoardController  [0;39m [2m:[0;39m listArticle - 호출
[2m2022-11-17 12:00:00.918[0;39m [32m INFO[0;39m [35m12232[0;39m [2m---[0;39m [2m[io-9999-exec-10][0;39m [36mc.ssafy.vue.controller.MemberController [0;39m [2m:[0;39m 사용 가능한 토큰!!!
[2m2022-11-17 12:00:00.931[0;39m [32m INFO[0;39m [35m12232[0;39m [2m---[0;39m [2m[nio-9999-exec-1][0;39m [36mc.ssafy.vue.controller.BoardController  [0;39m [2m:[0;39m getArticle - 호출 : 3
[2m2022-11-17 12:00:03.400[0;39m [32m INFO[0;39m [35m12232[0;39m [2m---[0;39m [2m[nio-9999-exec-2][0;39m [36mc.s.vue.controller.HouseMapController   [0;39m [2m:[0;39m sido - 호출
[2m2022-11-17 12:00:05.247[0;39m [32m INFO[0;39m [35m12232[0;39m [2m---[0;39m [2m[nio-9999-exec-4][0;39m [36mc.ssafy.vue.controller.BoardController  [0;39m [2m:[0;39m listArticle - 호출
[2m2022-11-17 12:00:09.518[0;39m [31mERROR[0;39m [35m12232[0;39m [2m---[0;39m [2m[nio-9999-exec-3][0;39m [36mc.s.vue.model.service.JwtServiceImpl    [0;39m [2m:[0;39m JWT expired at 2022-11-17T12:00:02Z. Current time: 2022-11-17T12:00:09Z, a difference of 7517 milliseconds.  Allowed clock skew: 0 milliseconds.
[2m2022-11-17 12:00:09.518[0;39m [31mERROR[0;39m [35m12232[0;39m [2m---[0;39m [2m[nio-9999-exec-3][0;39m [36mc.ssafy.vue.controller.MemberController [0;39m [2m:[0;39m 사용 불가능 토큰!!!
[2m2022-11-17 12:00:09.525[0;39m [32mDEBUG[0;39m [35m12232[0;39m [2m---[0;39m [2m[nio-9999-exec-6][0;39m [36mc.ssafy.vue.controller.MemberController [0;39m [2m:[0;39m token : eyJ0eXAiOiJKV1QiLCJyZWdEYXRlIjoxNjY4NjUzOTkyNzU5LCJhbGciOiJIUzI1NiJ9.eyJleHAiOjE2Njg2NTQwMjIsInN1YiI6InJlZnJlc2gtdG9rZW4iLCJ1c2VyaWQiOiJzc2FmeSJ9.lShKyJdide-NGkBY_tVRomoHtmT9G3GmT73NERdfOH4, memberDto : com.ssafy.vue.model.MemberDto@3578d41a
[2m2022-11-17 12:00:09.529[0;39m [32mDEBUG[0;39m [35m12232[0;39m [2m---[0;39m [2m[nio-9999-exec-6][0;39m [36mc.ssafy.vue.controller.MemberController [0;39m [2m:[0;39m token : eyJ0eXAiOiJKV1QiLCJyZWdEYXRlIjoxNjY4NjU0MDA5NTI5LCJhbGciOiJIUzI1NiJ9.eyJleHAiOjE2Njg2NTQwMTksInN1YiI6ImFjY2Vzcy10b2tlbiIsInVzZXJpZCI6InNzYWZ5In0.dfR1W42v1wLb8pvMygiPGo5P-WLk8AvY1cmQZh65DIY
[2m2022-11-17 12:00:09.529[0;39m [32mDEBUG[0;39m [35m12232[0;39m [2m---[0;39m [2m[nio-9999-exec-6][0;39m [36mc.ssafy.vue.controller.MemberController [0;39m [2m:[0;39m 정상적으로 액세스토큰 재발급!!!
[2m2022-11-17 12:00:09.537[0;39m [32m INFO[0;39m [35m12232[0;39m [2m---[0;39m [2m[nio-9999-exec-7][0;39m [36mc.ssafy.vue.controller.BoardController  [0;39m [2m:[0;39m getArticle - 호출 : 4
[2m2022-11-17 12:00:21.415[0;39m [31mERROR[0;39m [35m12232[0;39m [2m---[0;39m [2m[nio-9999-exec-9][0;39m [36mc.s.vue.model.service.JwtServiceImpl    [0;39m [2m:[0;39m JWT expired at 2022-11-17T12:00:19Z. Current time: 2022-11-17T12:00:21Z, a difference of 2415 milliseconds.  Allowed clock skew: 0 milliseconds.
[2m2022-11-17 12:00:21.415[0;39m [31mERROR[0;39m [35m12232[0;39m [2m---[0;39m [2m[nio-9999-exec-9][0;39m [36mc.ssafy.vue.controller.MemberController [0;39m [2m:[0;39m 사용 불가능 토큰!!!
[2m2022-11-17 12:00:21.419[0;39m [32mDEBUG[0;39m [35m12232[0;39m [2m---[0;39m [2m[io-9999-exec-10][0;39m [36mc.ssafy.vue.controller.MemberController [0;39m [2m:[0;39m token : eyJ0eXAiOiJKV1QiLCJyZWdEYXRlIjoxNjY4NjUzOTkyNzU5LCJhbGciOiJIUzI1NiJ9.eyJleHAiOjE2Njg2NTQwMjIsInN1YiI6InJlZnJlc2gtdG9rZW4iLCJ1c2VyaWQiOiJzc2FmeSJ9.lShKyJdide-NGkBY_tVRomoHtmT9G3GmT73NERdfOH4, memberDto : com.ssafy.vue.model.MemberDto@a4fc687
[2m2022-11-17 12:00:21.421[0;39m [32mDEBUG[0;39m [35m12232[0;39m [2m---[0;39m [2m[io-9999-exec-10][0;39m [36mc.ssafy.vue.controller.MemberController [0;39m [2m:[0;39m token : eyJ0eXAiOiJKV1QiLCJyZWdEYXRlIjoxNjY4NjU0MDIxNDIxLCJhbGciOiJIUzI1NiJ9.eyJleHAiOjE2Njg2NTQwMzEsInN1YiI6ImFjY2Vzcy10b2tlbiIsInVzZXJpZCI6InNzYWZ5In0.t1bNDTQM52s7RihkSjFrDJmHLITsaAZJfJEv9x7QByc
[2m2022-11-17 12:00:21.421[0;39m [32mDEBUG[0;39m [35m12232[0;39m [2m---[0;39m [2m[io-9999-exec-10][0;39m [36mc.ssafy.vue.controller.MemberController [0;39m [2m:[0;39m 정상적으로 액세스토큰 재발급!!!
[2m2022-11-17 12:00:28.240[0;39m [32m INFO[0;39m [35m12232[0;39m [2m---[0;39m [2m[nio-9999-exec-1][0;39m [36mc.ssafy.vue.controller.BoardController  [0;39m [2m:[0;39m listArticle - 호출
[2m2022-11-17 12:00:29.357[0;39m [32m INFO[0;39m [35m12232[0;39m [2m---[0;39m [2m[nio-9999-exec-2][0;39m [36mc.ssafy.vue.controller.MemberController [0;39m [2m:[0;39m 사용 가능한 토큰!!!
[2m2022-11-17 12:00:37.888[0;39m [32m INFO[0;39m [35m12232[0;39m [2m---[0;39m [2m[nio-9999-exec-3][0;39m [36mc.ssafy.vue.controller.BoardController  [0;39m [2m:[0;39m writeArticle - 호출
[2m2022-11-17 12:00:38.816[0;39m [32m INFO[0;39m [35m12232[0;39m [2m---[0;39m [2m[nio-9999-exec-5][0;39m [36mc.ssafy.vue.controller.BoardController  [0;39m [2m:[0;39m listArticle - 호출
[2m2022-11-17 12:03:24.377[0;39m [32m INFO[0;39m [35m12232[0;39m [2m---[0;39m [2m[n(17)-127.0.0.1][0;39m [36minMXBeanRegistrar$SpringApplicationAdmin[0;39m [2m:[0;39m Application shutdown requested.
[2m2022-11-17 12:03:24.494[0;39m [33m WARN[0;39m [35m12232[0;39m [2m---[0;39m [2m[n(17)-127.0.0.1][0;39m [36mo.a.c.loader.WebappClassLoaderBase      [0;39m [2m:[0;39m The web application [vue] appears to have started a thread named [HikariPool-1 housekeeper] but has failed to stop it. This is very likely to create a memory leak. Stack trace of thread:
 sun.misc.Unsafe.park(Native Method)
 java.util.concurrent.locks.LockSupport.parkNanos(LockSupport.java:215)
 java.util.concurrent.locks.AbstractQueuedSynchronizer$ConditionObject.awaitNanos(AbstractQueuedSynchronizer.java:2078)
 java.util.concurrent.ScheduledThreadPoolExecutor$DelayedWorkQueue.take(ScheduledThreadPoolExecutor.java:1093)
 java.util.concurrent.ScheduledThreadPoolExecutor$DelayedWorkQueue.take(ScheduledThreadPoolExecutor.java:809)
 java.util.concurrent.ThreadPoolExecutor.getTask(ThreadPoolExecutor.java:1074)
 java.util.concurrent.ThreadPoolExecutor.runWorker(ThreadPoolExecutor.java:1134)
 java.util.concurrent.ThreadPoolExecutor$Worker.run(ThreadPoolExecutor.java:624)
 java.lang.Thread.run(Thread.java:748)
[2m2022-11-17 12:13:53.312[0;39m [32m INFO[0;39m [35m16180[0;39m [2m---[0;39m [2m[           main][0;39m [36mo.s.b.w.embedded.tomcat.TomcatWebServer [0;39m [2m:[0;39m Tomcat initialized with port(s): 9999 (http)
[2m2022-11-17 12:13:53.388[0;39m [32m INFO[0;39m [35m16180[0;39m [2m---[0;39m [2m[           main][0;39m [36mw.s.c.ServletWebServerApplicationContext[0;39m [2m:[0;39m Root WebApplicationContext: initialization completed in 832 ms
[2m2022-11-17 12:13:53.955[0;39m [32m INFO[0;39m [35m16180[0;39m [2m---[0;39m [2m[           main][0;39m [36mo.s.b.w.embedded.tomcat.TomcatWebServer [0;39m [2m:[0;39m Tomcat started on port(s): 9999 (http) with context path '/vue'
[2m2022-11-17 12:14:01.358[0;39m [32m INFO[0;39m [35m16180[0;39m [2m---[0;39m [2m[nio-9999-exec-1][0;39m [36mo.s.web.servlet.DispatcherServlet       [0;39m [2m:[0;39m Initializing Servlet 'dispatcherServlet'
[2m2022-11-17 12:14:01.359[0;39m [32m INFO[0;39m [35m16180[0;39m [2m---[0;39m [2m[nio-9999-exec-1][0;39m [36mo.s.web.servlet.DispatcherServlet       [0;39m [2m:[0;39m Completed initialization in 0 ms
[2m2022-11-17 12:14:01.386[0;39m [32m INFO[0;39m [35m16180[0;39m [2m---[0;39m [2m[nio-9999-exec-1][0;39m [36mc.ssafy.vue.controller.BoardController  [0;39m [2m:[0;39m listArticle - 호출
[2m2022-11-17 12:14:02.872[0;39m [32mDEBUG[0;39m [35m16180[0;39m [2m---[0;39m [2m[nio-9999-exec-3][0;39m [36mc.s.vue.controller.CommentController    [0;39m [2m:[0;39m listComment - 호출
[2m2022-11-17 12:14:02.872[0;39m [32m INFO[0;39m [35m16180[0;39m [2m---[0;39m [2m[nio-9999-exec-2][0;39m [36mc.ssafy.vue.controller.BoardController  [0;39m [2m:[0;39m getArticle - 호출 : 5
[2m2022-11-17 12:14:06.141[0;39m [32mDEBUG[0;39m [35m16180[0;39m [2m---[0;39m [2m[nio-9999-exec-4][0;39m [36mc.s.vue.controller.CommentController    [0;39m [2m:[0;39m createComment - 호출
[2m2022-11-17 12:14:07.181[0;39m [32mDEBUG[0;39m [35m16180[0;39m [2m---[0;39m [2m[nio-9999-exec-5][0;39m [36mc.s.vue.controller.CommentController    [0;39m [2m:[0;39m listComment - 호출
[2m2022-11-17 12:14:11.406[0;39m [32m INFO[0;39m [35m16180[0;39m [2m---[0;39m [2m[nio-9999-exec-6][0;39m [36mc.ssafy.vue.controller.BoardController  [0;39m [2m:[0;39m listArticle - 호출
[2m2022-11-17 12:14:12.793[0;39m [32m INFO[0;39m [35m16180[0;39m [2m---[0;39m [2m[nio-9999-exec-7][0;39m [36mc.ssafy.vue.controller.BoardController  [0;39m [2m:[0;39m getArticle - 호출 : 4
[2m2022-11-17 12:14:12.793[0;39m [32mDEBUG[0;39m [35m16180[0;39m [2m---[0;39m [2m[nio-9999-exec-8][0;39m [36mc.s.vue.controller.CommentController    [0;39m [2m:[0;39m listComment - 호출
[2m2022-11-17 12:29:01.701[0;39m [32m INFO[0;39m [35m16180[0;39m [2m---[0;39m [2m[n(22)-127.0.0.1][0;39m [36minMXBeanRegistrar$SpringApplicationAdmin[0;39m [2m:[0;39m Application shutdown requested.
[2m2022-11-17 12:29:01.808[0;39m [33m WARN[0;39m [35m16180[0;39m [2m---[0;39m [2m[n(22)-127.0.0.1][0;39m [36mo.a.c.loader.WebappClassLoaderBase      [0;39m [2m:[0;39m The web application [vue] appears to have started a thread named [HikariPool-1 housekeeper] but has failed to stop it. This is very likely to create a memory leak. Stack trace of thread:
 sun.misc.Unsafe.park(Native Method)
 java.util.concurrent.locks.LockSupport.parkNanos(LockSupport.java:215)
 java.util.concurrent.locks.AbstractQueuedSynchronizer$ConditionObject.awaitNanos(AbstractQueuedSynchronizer.java:2078)
 java.util.concurrent.ScheduledThreadPoolExecutor$DelayedWorkQueue.take(ScheduledThreadPoolExecutor.java:1093)
 java.util.concurrent.ScheduledThreadPoolExecutor$DelayedWorkQueue.take(ScheduledThreadPoolExecutor.java:809)
 java.util.concurrent.ThreadPoolExecutor.getTask(ThreadPoolExecutor.java:1074)
 java.util.concurrent.ThreadPoolExecutor.runWorker(ThreadPoolExecutor.java:1134)
 java.util.concurrent.ThreadPoolExecutor$Worker.run(ThreadPoolExecutor.java:624)
 java.lang.Thread.run(Thread.java:748)
[2m2022-11-17 12:29:07.605[0;39m [32m INFO[0;39m [35m11628[0;39m [2m---[0;39m [2m[           main][0;39m [36mo.s.b.w.embedded.tomcat.TomcatWebServer [0;39m [2m:[0;39m Tomcat initialized with port(s): 9999 (http)
[2m2022-11-17 12:29:07.684[0;39m [32m INFO[0;39m [35m11628[0;39m [2m---[0;39m [2m[           main][0;39m [36mw.s.c.ServletWebServerApplicationContext[0;39m [2m:[0;39m Root WebApplicationContext: initialization completed in 872 ms
[2m2022-11-17 12:29:08.254[0;39m [32m INFO[0;39m [35m11628[0;39m [2m---[0;39m [2m[           main][0;39m [36mo.s.b.w.embedded.tomcat.TomcatWebServer [0;39m [2m:[0;39m Tomcat started on port(s): 9999 (http) with context path '/vue'
[2m2022-11-17 12:29:15.671[0;39m [32m INFO[0;39m [35m11628[0;39m [2m---[0;39m [2m[nio-9999-exec-1][0;39m [36mo.s.web.servlet.DispatcherServlet       [0;39m [2m:[0;39m Initializing Servlet 'dispatcherServlet'
[2m2022-11-17 12:29:15.672[0;39m [32m INFO[0;39m [35m11628[0;39m [2m---[0;39m [2m[nio-9999-exec-1][0;39m [36mo.s.web.servlet.DispatcherServlet       [0;39m [2m:[0;39m Completed initialization in 1 ms
[2m2022-11-17 12:29:15.698[0;39m [32m INFO[0;39m [35m11628[0;39m [2m---[0;39m [2m[nio-9999-exec-1][0;39m [36mc.ssafy.vue.controller.BoardController  [0;39m [2m:[0;39m listArticle - 호출
[2m2022-11-17 12:29:19.218[0;39m [32m INFO[0;39m [35m11628[0;39m [2m---[0;39m [2m[nio-9999-exec-2][0;39m [36mc.ssafy.vue.controller.BoardController  [0;39m [2m:[0;39m listArticle - 호출
[2m2022-11-17 12:29:47.821[0;39m [32m INFO[0;39m [35m11628[0;39m [2m---[0;39m [2m[nio-9999-exec-4][0;39m [36mc.ssafy.vue.controller.BoardController  [0;39m [2m:[0;39m listArticle - 호출
[2m2022-11-17 12:30:28.966[0;39m [32m INFO[0;39m [35m11628[0;39m [2m---[0;39m [2m[n(11)-127.0.0.1][0;39m [36minMXBeanRegistrar$SpringApplicationAdmin[0;39m [2m:[0;39m Application shutdown requested.
[2m2022-11-17 12:30:29.076[0;39m [33m WARN[0;39m [35m11628[0;39m [2m---[0;39m [2m[n(11)-127.0.0.1][0;39m [36mo.a.c.loader.WebappClassLoaderBase      [0;39m [2m:[0;39m The web application [vue] appears to have started a thread named [HikariPool-1 housekeeper] but has failed to stop it. This is very likely to create a memory leak. Stack trace of thread:
 sun.misc.Unsafe.park(Native Method)
 java.util.concurrent.locks.LockSupport.parkNanos(LockSupport.java:215)
 java.util.concurrent.locks.AbstractQueuedSynchronizer$ConditionObject.awaitNanos(AbstractQueuedSynchronizer.java:2078)
 java.util.concurrent.ScheduledThreadPoolExecutor$DelayedWorkQueue.take(ScheduledThreadPoolExecutor.java:1093)
 java.util.concurrent.ScheduledThreadPoolExecutor$DelayedWorkQueue.take(ScheduledThreadPoolExecutor.java:809)
 java.util.concurrent.ThreadPoolExecutor.getTask(ThreadPoolExecutor.java:1074)
 java.util.concurrent.ThreadPoolExecutor.runWorker(ThreadPoolExecutor.java:1134)
 java.util.concurrent.ThreadPoolExecutor$Worker.run(ThreadPoolExecutor.java:624)
 java.lang.Thread.run(Thread.java:748)
[2m2022-11-17 12:30:35.556[0;39m [32m INFO[0;39m [35m14976[0;39m [2m---[0;39m [2m[           main][0;39m [36mo.s.b.w.embedded.tomcat.TomcatWebServer [0;39m [2m:[0;39m Tomcat initialized with port(s): 9999 (http)
[2m2022-11-17 12:30:35.632[0;39m [32m INFO[0;39m [35m14976[0;39m [2m---[0;39m [2m[           main][0;39m [36mw.s.c.ServletWebServerApplicationContext[0;39m [2m:[0;39m Root WebApplicationContext: initialization completed in 847 ms
[2m2022-11-17 12:30:36.202[0;39m [32m INFO[0;39m [35m14976[0;39m [2m---[0;39m [2m[           main][0;39m [36mo.s.b.w.embedded.tomcat.TomcatWebServer [0;39m [2m:[0;39m Tomcat started on port(s): 9999 (http) with context path '/vue'
[2m2022-11-17 12:30:46.878[0;39m [32m INFO[0;39m [35m14976[0;39m [2m---[0;39m [2m[nio-9999-exec-1][0;39m [36mo.s.web.servlet.DispatcherServlet       [0;39m [2m:[0;39m Initializing Servlet 'dispatcherServlet'
[2m2022-11-17 12:30:46.879[0;39m [32m INFO[0;39m [35m14976[0;39m [2m---[0;39m [2m[nio-9999-exec-1][0;39m [36mo.s.web.servlet.DispatcherServlet       [0;39m [2m:[0;39m Completed initialization in 1 ms
[2m2022-11-17 12:30:47.139[0;39m [32mDEBUG[0;39m [35m14976[0;39m [2m---[0;39m [2m[nio-9999-exec-1][0;39m [36mc.ssafy.vue.controller.MemberController [0;39m [2m:[0;39m 로그인 accessToken 정보 : eyJ0eXAiOiJKV1QiLCJyZWdEYXRlIjoxNjY4NjU1ODQ3MTExLCJhbGciOiJIUzI1NiJ9.eyJleHAiOjE2Njg2NTU4NTcsInN1YiI6ImFjY2Vzcy10b2tlbiIsInVzZXJpZCI6InNzYWZ5In0.ulWsJD18ZN0CDGnzsVT9dib6gqP0MxMx9wVYmPS8Bfo
[2m2022-11-17 12:30:47.140[0;39m [32mDEBUG[0;39m [35m14976[0;39m [2m---[0;39m [2m[nio-9999-exec-1][0;39m [36mc.ssafy.vue.controller.MemberController [0;39m [2m:[0;39m 로그인 refreshToken 정보 : eyJ0eXAiOiJKV1QiLCJyZWdEYXRlIjoxNjY4NjU1ODQ3MTMyLCJhbGciOiJIUzI1NiJ9.eyJleHAiOjE2Njg2NTU4NzcsInN1YiI6InJlZnJlc2gtdG9rZW4iLCJ1c2VyaWQiOiJzc2FmeSJ9.GLQxcl0fS-kqsZeo63ZbwEzhZWvgSzJt1gZclZHfJ8Y
[2m2022-11-17 12:30:47.178[0;39m [32m INFO[0;39m [35m14976[0;39m [2m---[0;39m [2m[nio-9999-exec-3][0;39m [36mc.ssafy.vue.controller.MemberController [0;39m [2m:[0;39m 사용 가능한 토큰!!!
[2m2022-11-17 12:30:50.691[0;39m [32m INFO[0;39m [35m14976[0;39m [2m---[0;39m [2m[nio-9999-exec-4][0;39m [36mc.ssafy.vue.controller.BoardController  [0;39m [2m:[0;39m listArticle - 호출
[2m2022-11-17 12:30:51.661[0;39m [32m INFO[0;39m [35m14976[0;39m [2m---[0;39m [2m[nio-9999-exec-5][0;39m [36mc.ssafy.vue.controller.MemberController [0;39m [2m:[0;39m 사용 가능한 토큰!!!
[2m2022-11-17 12:30:54.855[0;39m [32m INFO[0;39m [35m14976[0;39m [2m---[0;39m [2m[nio-9999-exec-7][0;39m [36mc.ssafy.vue.controller.BoardController  [0;39m [2m:[0;39m writeArticle - 호출
[2m2022-11-17 12:30:55.719[0;39m [32m INFO[0;39m [35m14976[0;39m [2m---[0;39m [2m[nio-9999-exec-8][0;39m [36mc.ssafy.vue.controller.BoardController  [0;39m [2m:[0;39m listArticle - 호출
[2m2022-11-17 12:35:50.665[0;39m [32m INFO[0;39m [35m14976[0;39m [2m---[0;39m [2m[io-9999-exec-10][0;39m [36mc.ssafy.vue.controller.BoardController  [0;39m [2m:[0;39m listArticle - 호출
[2m2022-11-17 12:35:50.745[0;39m [32m INFO[0;39m [35m14976[0;39m [2m---[0;39m [2m[nio-9999-exec-1][0;39m [36mc.ssafy.vue.controller.BoardController  [0;39m [2m:[0;39m getArticle - 호출 : 4
[2m2022-11-17 12:35:50.745[0;39m [32mDEBUG[0;39m [35m14976[0;39m [2m---[0;39m [2m[nio-9999-exec-2][0;39m [36mc.s.vue.controller.CommentController    [0;39m [2m:[0;39m listComment - 호출
